<?xml version="1.0" encoding="UTF-8"?>
<!-- Generated by org.testng.reporters.JUnitReportReporter -->
<testsuite hostname="IN-PF42S2SA" failures="0" tests="2" name="appium.com.testcases.mobileBrowser.CartPageTest" time="0.912" errors="0" timestamp="2024-08-12T16:54:28 IST" skipped="0">
  <testcase classname="appium.com.testcases.mobileBrowser.CartPageTest" name="verifyForProductInCart" time="0.467"/>
  <testcase classname="appium.com.testcases.mobileBrowser.CartPageTest" name="navigateToCheckoutPage" time="0.445"/>
</testsuite> <!-- appium.com.testcases.mobileBrowser.CartPageTest -->
