<?xml version="1.0" encoding="UTF-8"?>
<!-- Generated by org.testng.reporters.JUnitReportReporter -->
<testsuite hostname="IN-PF42S2SA" failures="0" tests="3" name="appium.com.testcases.mobileBrowser.PDPPageTest" time="2.054" errors="0" timestamp="2024-09-30T15:56:52 IST" skipped="0">
  <testcase classname="appium.com.testcases.mobileBrowser.PDPPageTest" name="verifyTheProductNameInPDP" time="0.554"/>
  <testcase classname="appium.com.testcases.mobileBrowser.PDPPageTest" name="addProductToCart" time="0.538"/>
  <testcase classname="appium.com.testcases.mobileBrowser.PDPPageTest" name="navigateToCartPage" time="0.962"/>
</testsuite> <!-- appium.com.testcases.mobileBrowser.PDPPageTest -->
