<?xml version="1.0" encoding="UTF-8"?>
<!-- Generated by org.testng.reporters.JUnitReportReporter -->
<testsuite hostname="IN-PF42S2SA" failures="0" tests="1" name="appium.com.testcases.mobileBrowser.LoginPageTest" time="5.609" errors="0" timestamp="2024-08-12T16:54:28 IST" skipped="0">
  <testcase classname="appium.com.testcases.mobileBrowser.LoginPageTest" name="login" time="5.609"/>
</testsuite> <!-- appium.com.testcases.mobileBrowser.LoginPageTest -->
