<?xml version="1.0" encoding="UTF-8"?>
<!-- Generated by org.testng.reporters.JUnitReportReporter -->
<testsuite hostname="IN-PF42S2SA" failures="0" tests="3" name="appium.com.testcases.HybridAppTest" time="6.594" errors="0" timestamp="2024-08-12T17:15:33 IST" skipped="0">
  <testcase classname="appium.com.testcases.HybridAppTest" name="switchContext" time="2.328"/>
  <testcase classname="appium.com.testcases.HybridAppTest" name="performActionOnWeb" time="1.601"/>
  <testcase classname="appium.com.testcases.HybridAppTest" name="switchBackToNative" time="2.665"/>
</testsuite> <!-- appium.com.testcases.HybridAppTest -->
