<?xml version="1.0" encoding="UTF-8"?>
<!-- Generated by org.testng.reporters.JUnitReportReporter -->
<testsuite hostname="IN-PF42S2SA" failures="0" tests="1" name="appium.com.testcases.mobileBrowser.Demo" time="7.102" errors="0" timestamp="2024-08-08T10:42:07 IST" skipped="0">
  <testcase classname="appium.com.testcases.mobileBrowser.Demo" name="Demo" time="7.102"/>
</testsuite> <!-- appium.com.testcases.mobileBrowser.Demo -->
