<?xml version="1.0" encoding="UTF-8"?>
<!-- Generated by org.testng.reporters.JUnitReportReporter -->
<testsuite hostname="IN-PF42S2SA" failures="0" tests="1" name="appium.com.baseTest.ExcelDataDriven" time="0.595" errors="0" timestamp="2024-08-02T15:44:18 IST" skipped="0">
  <testcase classname="appium.com.baseTest.ExcelDataDriven" name="getData" time="0.595"/>
</testsuite> <!-- appium.com.baseTest.ExcelDataDriven -->
