<?xml version="1.0" encoding="UTF-8"?>
<!-- Generated by org.testng.reporters.JUnitReportReporter -->
<testsuite hostname="IN-PF42S2SA" failures="0" tests="4" name="appium.com.testcases.mobileBrowser.CheckoutPageTest" time="3.983" errors="0" timestamp="2024-08-12T16:54:28 IST" skipped="0">
  <testcase classname="appium.com.testcases.mobileBrowser.CheckoutPageTest" name="fillCheckoutDetails" time="2.629"/>
  <testcase classname="appium.com.testcases.mobileBrowser.CheckoutPageTest" name="contineToOrder" time="0.509"/>
  <testcase classname="appium.com.testcases.mobileBrowser.CheckoutPageTest" name="verifyTheProductInCheckout" time="0.395"/>
  <testcase classname="appium.com.testcases.mobileBrowser.CheckoutPageTest" name="placeOder" time="0.450"/>
</testsuite> <!-- appium.com.testcases.mobileBrowser.CheckoutPageTest -->
