<?xml version="1.0" encoding="UTF-8"?>
<!-- Generated by org.testng.reporters.JUnitReportReporter -->
<testsuite hostname="IN-PF42S2SA" failures="0" tests="4" name="appium.com.testcases.FormPageTest" time="15.915" errors="0" timestamp="2024-08-12T17:15:33 IST" skipped="0">
  <testcase classname="appium.com.testcases.FormPageTest" name="selectCountry" time="11.818"/>
  <testcase classname="appium.com.testcases.FormPageTest" name="setName" time="1.080"/>
  <testcase classname="appium.com.testcases.FormPageTest" name="selectGender" time="0.321"/>
  <testcase classname="appium.com.testcases.FormPageTest" name="submitForm" time="2.696"/>
</testsuite> <!-- appium.com.testcases.FormPageTest -->
