<?xml version="1.0" encoding="UTF-8"?>
<!-- Generated by org.testng.reporters.JUnitReportReporter -->
<testsuite hostname="IN-PF42S2SA" failures="0" tests="1" name="appium.com.testcases.mobileBrowser.LoginPageTest" time="3.238" errors="0" timestamp="2024-09-30T15:56:52 IST" skipped="0">
  <testcase classname="appium.com.testcases.mobileBrowser.LoginPageTest" name="login" time="3.238"/>
</testsuite> <!-- appium.com.testcases.mobileBrowser.LoginPageTest -->
