<?xml version="1.0" encoding="UTF-8"?>
<!-- Generated by org.testng.reporters.JUnitReportReporter -->
<testsuite hostname="IN-PF42S2SA" failures="0" tests="6" name="appium.com.testcases.CartPageTest" time="15.560" errors="0" timestamp="2024-09-30T15:27:42 IST" skipped="0">
  <testcase classname="appium.com.testcases.CartPageTest" name="verifyTheCartForProduct" time="0.163"/>
  <testcase classname="appium.com.testcases.CartPageTest" name="verifySumOfProductPrice" time="0.119"/>
  <testcase classname="appium.com.testcases.CartPageTest" name="verifyTheTotalAmountDisplayed" time="0.057"/>
  <testcase classname="appium.com.testcases.CartPageTest" name="verifyTermsAndConditions" time="3.664"/>
  <testcase classname="appium.com.testcases.CartPageTest" name="applyDiscount" time="0.716"/>
  <testcase classname="appium.com.testcases.CartPageTest" name="placeOrder" time="10.841"/>
</testsuite> <!-- appium.com.testcases.CartPageTest -->
