<?xml version="1.0" encoding="UTF-8"?>
<!-- Generated by org.testng.reporters.JUnitReportReporter -->
<testsuite hostname="IN-PF42S2SA" failures="0" tests="2" name="appium.com.testcases.CatalogPageTest" time="6.800" errors="0" timestamp="2024-09-30T15:27:42 IST" skipped="0">
  <testcase classname="appium.com.testcases.CatalogPageTest" name="addItemToCart" time="3.689"/>
  <testcase classname="appium.com.testcases.CatalogPageTest" name="goToCartPage" time="3.111"/>
</testsuite> <!-- appium.com.testcases.CatalogPageTest -->
