<?xml version="1.0" encoding="UTF-8"?>
<!-- Generated by org.testng.reporters.JUnitReportReporter -->
<testsuite hostname="IN-PF42S2SA" failures="0" tests="3" name="appium.com.testcases.HybridAppTest" time="11.171" errors="0" timestamp="2024-09-30T15:27:42 IST" skipped="0">
  <testcase classname="appium.com.testcases.HybridAppTest" name="switchContext" time="2.331"/>
  <testcase classname="appium.com.testcases.HybridAppTest" name="performActionOnWeb" time="6.320"/>
  <testcase classname="appium.com.testcases.HybridAppTest" name="switchBackToNative" time="2.520"/>
</testsuite> <!-- appium.com.testcases.HybridAppTest -->
