<?xml version="1.0" encoding="UTF-8"?>
<!-- Generated by org.testng.reporters.JUnitReportReporter -->
<testsuite hostname="IN-PF42S2SA" failures="0" tests="1" name="appium.com.standAloneTest.MobileBrowserStandaloneTest" time="32.470" errors="0" timestamp="2024-09-30T16:00:17 IST" skipped="0">
  <testcase classname="appium.com.standAloneTest.MobileBrowserStandaloneTest" name="mobileBrowserPlaceOder" time="32.470"/>
</testsuite> <!-- appium.com.standAloneTest.MobileBrowserStandaloneTest -->
