<?xml version="1.0" encoding="UTF-8"?>
<!-- Generated by org.testng.reporters.JUnitReportReporter -->
<testsuite hostname="IN-PF42S2SA" failures="0" tests="6" name="appium.com.testcases.CartPageTest" time="15.923" errors="0" timestamp="2024-08-12T17:15:32 IST" skipped="0">
  <testcase classname="appium.com.testcases.CartPageTest" name="verifyTheCartForProduct" time="0.278"/>
  <testcase classname="appium.com.testcases.CartPageTest" name="verifySumOfProductPrice" time="0.177"/>
  <testcase classname="appium.com.testcases.CartPageTest" name="verifyTheTotalAmountDisplayed" time="0.076"/>
  <testcase classname="appium.com.testcases.CartPageTest" name="verifyTermsAndConditions" time="3.745"/>
  <testcase classname="appium.com.testcases.CartPageTest" name="applyDiscount" time="0.725"/>
  <testcase classname="appium.com.testcases.CartPageTest" name="placeOrder" time="10.922"/>
</testsuite> <!-- appium.com.testcases.CartPageTest -->
