<?xml version="1.0" encoding="UTF-8"?>
<!-- Generated by org.testng.reporters.JUnitReportReporter -->
<testsuite hostname="IN-PF42S2SA" failures="0" tests="4" name="appium.com.testcases.mobileBrowser.CheckoutPageTest" time="6.826" errors="0" timestamp="2024-09-30T15:56:52 IST" skipped="0">
  <testcase classname="appium.com.testcases.mobileBrowser.CheckoutPageTest" name="fillCheckoutDetails" time="5.221"/>
  <testcase classname="appium.com.testcases.mobileBrowser.CheckoutPageTest" name="contineToOrder" time="0.598"/>
  <testcase classname="appium.com.testcases.mobileBrowser.CheckoutPageTest" name="verifyTheProductInCheckout" time="0.501"/>
  <testcase classname="appium.com.testcases.mobileBrowser.CheckoutPageTest" name="placeOder" time="0.506"/>
</testsuite> <!-- appium.com.testcases.mobileBrowser.CheckoutPageTest -->
