<?xml version="1.0" encoding="UTF-8"?>
<!-- Generated by org.testng.reporters.JUnitReportReporter -->
<testsuite hostname="IN-PF42S2SA" failures="0" tests="2" name="appium.com.testcases.CatalogPageTest" time="5.532" errors="0" timestamp="2024-08-12T17:15:32 IST" skipped="0">
  <testcase classname="appium.com.testcases.CatalogPageTest" name="addItemToCart" time="2.366"/>
  <testcase classname="appium.com.testcases.CatalogPageTest" name="goToCartPage" time="3.166"/>
</testsuite> <!-- appium.com.testcases.CatalogPageTest -->
