<?xml version="1.0" encoding="UTF-8"?>
<!-- Generated by org.testng.reporters.JUnitReportReporter -->
<testsuite hostname="IN-PF42S2SA" failures="0" tests="3" name="appium.com.testcases.mobileBrowser.PDPPageTest" time="3.309" errors="0" timestamp="2024-08-12T17:12:42 IST" skipped="0">
  <testcase classname="appium.com.testcases.mobileBrowser.PDPPageTest" name="verifyTheProductNameInPDP" time="0.730"/>
  <testcase classname="appium.com.testcases.mobileBrowser.PDPPageTest" name="addProductToCart" time="0.583"/>
  <testcase classname="appium.com.testcases.mobileBrowser.PDPPageTest" name="navigateToCartPage" time="1.996"/>
</testsuite> <!-- appium.com.testcases.mobileBrowser.PDPPageTest -->
