<?xml version="1.0" encoding="UTF-8"?>
<!-- Generated by org.testng.reporters.JUnitReportReporter -->
<testsuite hostname="IN-PF42S2SA" failures="0" tests="1" name="appium.com.testcases.mobileBrowser.LoginPageTest" time="8.940" errors="0" timestamp="2024-09-30T13:33:14 IST" skipped="0">
  <testcase classname="appium.com.testcases.mobileBrowser.LoginPageTest" name="login" time="8.940"/>
</testsuite> <!-- appium.com.testcases.mobileBrowser.LoginPageTest -->
