<?xml version="1.0" encoding="UTF-8"?>
<!-- Generated by org.testng.reporters.JUnitReportReporter -->
<testsuite hostname="IN-PF42S2SA" failures="0" tests="6" name="appium.com.testcases.CartPageTest" time="16.546" errors="0" timestamp="2024-09-30T13:26:32 IST" skipped="0">
  <testcase classname="appium.com.testcases.CartPageTest" name="verifyTheCartForProduct" time="0.375"/>
  <testcase classname="appium.com.testcases.CartPageTest" name="verifySumOfProductPrice" time="0.279"/>
  <testcase classname="appium.com.testcases.CartPageTest" name="verifyTheTotalAmountDisplayed" time="0.184"/>
  <testcase classname="appium.com.testcases.CartPageTest" name="verifyTermsAndConditions" time="3.995"/>
  <testcase classname="appium.com.testcases.CartPageTest" name="applyDiscount" time="1.369"/>
  <testcase classname="appium.com.testcases.CartPageTest" name="placeOrder" time="10.344"/>
</testsuite> <!-- appium.com.testcases.CartPageTest -->
