<?xml version="1.0" encoding="UTF-8"?>
<!-- Generated by org.testng.reporters.JUnitReportReporter -->
<testsuite hostname="IN-PF42S2SA" failures="0" tests="4" name="appium.com.testcases.FormPageTest" time="16.323" errors="0" timestamp="2024-09-30T13:26:32 IST" skipped="0">
  <testcase classname="appium.com.testcases.FormPageTest" name="selectCountry" time="11.357"/>
  <testcase classname="appium.com.testcases.FormPageTest" name="setName" time="1.187"/>
  <testcase classname="appium.com.testcases.FormPageTest" name="selectGender" time="0.985"/>
  <testcase classname="appium.com.testcases.FormPageTest" name="submitForm" time="2.794"/>
</testsuite> <!-- appium.com.testcases.FormPageTest -->
