<?xml version="1.0" encoding="UTF-8"?>
<!-- Generated by org.testng.reporters.JUnitReportReporter -->
<testsuite hostname="IN-PF42S2SA" failures="0" tests="4" name="appium.com.testcases.mobileBrowser.CheckoutPageTest" time="11.497" errors="0" timestamp="2024-09-30T13:33:14 IST" skipped="0">
  <testcase classname="appium.com.testcases.mobileBrowser.CheckoutPageTest" name="fillCheckoutDetails" time="8.895"/>
  <testcase classname="appium.com.testcases.mobileBrowser.CheckoutPageTest" name="contineToOrder" time="0.977"/>
  <testcase classname="appium.com.testcases.mobileBrowser.CheckoutPageTest" name="verifyTheProductInCheckout" time="0.916"/>
  <testcase classname="appium.com.testcases.mobileBrowser.CheckoutPageTest" name="placeOder" time="0.709"/>
</testsuite> <!-- appium.com.testcases.mobileBrowser.CheckoutPageTest -->
