<?xml version="1.0" encoding="UTF-8"?>
<!-- Generated by org.testng.reporters.JUnitReportReporter -->
<testsuite hostname="IN-PF42S2SA" failures="0" tests="2" name="appium.com.testcases.CatalogPageTest" time="0.000" errors="0" timestamp="2024-08-13T14:06:37 IST" skipped="2">
  <testcase classname="appium.com.testcases.CatalogPageTest" name="addItemToCart" time="0.000">
    <skipped/>
  </testcase> <!-- addItemToCart -->
  <testcase classname="appium.com.testcases.CatalogPageTest" name="goToCartPage" time="0.000">
    <skipped/>
  </testcase> <!-- goToCartPage -->
</testsuite> <!-- appium.com.testcases.CatalogPageTest -->
