<?xml version="1.0" encoding="UTF-8"?>
<!-- Generated by org.testng.reporters.JUnitReportReporter -->
<testsuite hostname="IN-PF42S2SA" failures="0" tests="2" name="appium.com.standAloneTest.EcommerceTest" time="174.126" errors="0" timestamp="2024-09-30T13:31:28 IST" skipped="0">
  <testcase classname="appium.com.standAloneTest.EcommerceTest" name="placeOrder" time="110.823"/>
  <testcase classname="appium.com.standAloneTest.EcommerceTest" name="placeOrder" time="63.303"/>
</testsuite> <!-- appium.com.standAloneTest.EcommerceTest -->
