<?xml version="1.0" encoding="UTF-8"?>
<!-- Generated by org.testng.reporters.JUnitReportReporter -->
<testsuite hostname="IN-PF42S2SA" failures="0" tests="4" name="appium.com.testcases.mobileBrowser.CheckoutPageTest" time="8.632" errors="0" timestamp="2024-08-12T17:12:42 IST" skipped="0">
  <testcase classname="appium.com.testcases.mobileBrowser.CheckoutPageTest" name="fillCheckoutDetails" time="6.281"/>
  <testcase classname="appium.com.testcases.mobileBrowser.CheckoutPageTest" name="contineToOrder" time="1.050"/>
  <testcase classname="appium.com.testcases.mobileBrowser.CheckoutPageTest" name="verifyTheProductInCheckout" time="0.461"/>
  <testcase classname="appium.com.testcases.mobileBrowser.CheckoutPageTest" name="placeOder" time="0.840"/>
</testsuite> <!-- appium.com.testcases.mobileBrowser.CheckoutPageTest -->
