<?xml version="1.0" encoding="UTF-8"?>
<!-- Generated by org.testng.reporters.JUnitReportReporter -->
<testsuite hostname="IN-PF42S2SA" failures="0" tests="3" name="appium.com.testcases.mobileBrowser.PDPPageTest" time="3.708" errors="0" timestamp="2024-09-30T13:33:14 IST" skipped="0">
  <testcase classname="appium.com.testcases.mobileBrowser.PDPPageTest" name="verifyTheProductNameInPDP" time="1.888"/>
  <testcase classname="appium.com.testcases.mobileBrowser.PDPPageTest" name="addProductToCart" time="0.549"/>
  <testcase classname="appium.com.testcases.mobileBrowser.PDPPageTest" name="navigateToCartPage" time="1.271"/>
</testsuite> <!-- appium.com.testcases.mobileBrowser.PDPPageTest -->
