<?xml version="1.0" encoding="UTF-8"?>
<!-- Generated by org.testng.reporters.JUnitReportReporter -->
<testsuite hostname="IN-PF42S2SA" failures="0" tests="3" name="appium.com.testcases.HybridAppTest" time="13.531" errors="0" timestamp="2024-09-30T13:26:32 IST" skipped="0">
  <testcase classname="appium.com.testcases.HybridAppTest" name="switchContext" time="3.008"/>
  <testcase classname="appium.com.testcases.HybridAppTest" name="performActionOnWeb" time="7.042"/>
  <testcase classname="appium.com.testcases.HybridAppTest" name="switchBackToNative" time="3.481"/>
</testsuite> <!-- appium.com.testcases.HybridAppTest -->
