<?xml version="1.0" encoding="UTF-8"?>
<!-- Generated by org.testng.reporters.JUnitReportReporter -->
<testsuite hostname="IN-PF42S2SA" failures="0" tests="1" name="appium.com.testcases.mobileBrowser.ProductCatalogPageTest" time="4.129" errors="0" timestamp="2024-09-30T13:33:14 IST" skipped="0">
  <testcase classname="appium.com.testcases.mobileBrowser.ProductCatalogPageTest" name="searchForProduct" time="4.129"/>
</testsuite> <!-- appium.com.testcases.mobileBrowser.ProductCatalogPageTest -->
