<?xml version="1.0" encoding="UTF-8"?>
<!-- Generated by org.testng.reporters.JUnitReportReporter -->
<testsuite hostname="IN-PF42S2SA" failures="0" tests="1" name="appium.com.testcases.mobileBrowser.ProductCatalogPageTest" time="3.097" errors="0" timestamp="2024-08-12T17:12:42 IST" skipped="0">
  <testcase classname="appium.com.testcases.mobileBrowser.ProductCatalogPageTest" name="searchForProduct" time="3.097"/>
</testsuite> <!-- appium.com.testcases.mobileBrowser.ProductCatalogPageTest -->
