<?xml version="1.0" encoding="UTF-8"?>
<!-- Generated by org.testng.reporters.JUnitReportReporter -->
<testsuite hostname="IN-PF42S2SA" failures="0" tests="6" name="appium.com.testcases.CartPageTest" time="0.000" errors="0" timestamp="2024-08-13T14:06:37 IST" skipped="6">
  <testcase classname="appium.com.testcases.CartPageTest" name="verifyTheCartForProduct" time="0.000">
    <skipped/>
  </testcase> <!-- verifyTheCartForProduct -->
  <testcase classname="appium.com.testcases.CartPageTest" name="verifySumOfProductPrice" time="0.000">
    <skipped/>
  </testcase> <!-- verifySumOfProductPrice -->
  <testcase classname="appium.com.testcases.CartPageTest" name="verifyTheTotalAmountDisplayed" time="0.000">
    <skipped/>
  </testcase> <!-- verifyTheTotalAmountDisplayed -->
  <testcase classname="appium.com.testcases.CartPageTest" name="verifyTermsAndConditions" time="0.000">
    <skipped/>
  </testcase> <!-- verifyTermsAndConditions -->
  <testcase classname="appium.com.testcases.CartPageTest" name="applyDiscount" time="0.000">
    <skipped/>
  </testcase> <!-- applyDiscount -->
  <testcase classname="appium.com.testcases.CartPageTest" name="placeOrder" time="0.000">
    <skipped/>
  </testcase> <!-- placeOrder -->
</testsuite> <!-- appium.com.testcases.CartPageTest -->
