<?xml version="1.0" encoding="UTF-8"?>
<!-- Generated by org.testng.reporters.JUnitReportReporter -->
<testsuite hostname="IN-PF42S2SA" failures="0" tests="2" name="appium.com.testcases.mobileBrowser.CartPageTest" time="1.148" errors="0" timestamp="2024-08-12T17:12:42 IST" skipped="0">
  <testcase classname="appium.com.testcases.mobileBrowser.CartPageTest" name="verifyForProductInCart" time="0.636"/>
  <testcase classname="appium.com.testcases.mobileBrowser.CartPageTest" name="navigateToCheckoutPage" time="0.512"/>
</testsuite> <!-- appium.com.testcases.mobileBrowser.CartPageTest -->
