<?xml version="1.0" encoding="UTF-8"?>
<!-- Generated by org.testng.reporters.JUnitReportReporter -->
<testsuite hostname="IN-PF42S2SA" failures="0" tests="3" name="appium.com.testcases.HybridAppTest" time="0.000" errors="0" timestamp="2024-08-13T14:06:37 IST" skipped="3">
  <testcase classname="appium.com.testcases.HybridAppTest" name="switchContext" time="0.000">
    <skipped/>
  </testcase> <!-- switchContext -->
  <testcase classname="appium.com.testcases.HybridAppTest" name="performActionOnWeb" time="0.000">
    <skipped/>
  </testcase> <!-- performActionOnWeb -->
  <testcase classname="appium.com.testcases.HybridAppTest" name="switchBackToNative" time="0.000">
    <skipped/>
  </testcase> <!-- switchBackToNative -->
</testsuite> <!-- appium.com.testcases.HybridAppTest -->
